<?xml version="1.0" encoding="UTF-8"?>
<testng-results ignored="0" total="1" passed="1" failed="0" skipped="0">
  <reporter-output>
  </reporter-output>
  <suite started-at="2022-10-13T19:12:04 IST" name="Default suite" finished-at="2022-10-13T19:12:16 IST" duration-ms="11982">
    <groups>
    </groups>
    <test started-at="2022-10-13T19:12:04 IST" name="Default test" finished-at="2022-10-13T19:12:16 IST" duration-ms="11982">
      <class name="com.example.demo.NewTest">
        <test-method is-config="true" signature="config()[pri:0, instance:com.example.demo.NewTest@2dc54ad4]" started-at="2022-10-13T19:12:04 IST" name="config" finished-at="2022-10-13T19:12:05 IST" duration-ms="1914" status="PASS">
          <reporter-output>
          </reporter-output>
        </test-method> <!-- config -->
        <test-method signature="test1()[pri:0, instance:com.example.demo.NewTest@2dc54ad4]" started-at="2022-10-13T19:12:06 IST" name="test1" finished-at="2022-10-13T19:12:15 IST" duration-ms="9601" status="PASS">
          <reporter-output>
          </reporter-output>
        </test-method> <!-- test1 -->
        <test-method is-config="true" signature="quitbrowser()[pri:0, instance:com.example.demo.NewTest@2dc54ad4]" started-at="2022-10-13T19:12:15 IST" name="quitbrowser" finished-at="2022-10-13T19:12:16 IST" duration-ms="355" status="PASS">
          <reporter-output>
          </reporter-output>
        </test-method> <!-- quitbrowser -->
      </class> <!-- com.example.demo.NewTest -->
    </test> <!-- Default test -->
  </suite> <!-- Default suite -->
</testng-results>
